<?xml version="1.0" encoding="UTF-8"?>
<!-- Generated by org.testng.reporters.JUnitXMLReporter -->
<testsuite hostname="CCILT347" name="Fujji_UserCRUD" tests="1" failures="1" timestamp="1 Apr 2016 10:22:06 GMT" time="38.501" errors="0">
  <testcase name="verifyRecords" time="38.36" classname="adobe.adobeTesting.AdhocTest">
    <failure type="java.lang.AssertionError" message="please find the values that are not encrypted file location: E:\snow2\adobeTesting/AdobeResource/temp/tmp2.txt expected [true] but found [false]">
      <![CDATA[java.lang.AssertionError: please find the values that are not encrypted file location: E:\snow2\adobeTesting/AdobeResource/temp/tmp2.txt expected [true] but found [false]
	at com.ciphercloud.qa.util.AdhocUtil.pasteFromClpbrd(AdhocUtil.java:174)
	at adobe.adobeTesting.AdhocTest.verifyRecords(AdhocTest.java:37)
... Removed 29 stack frames]]>
    </failure>
  </testcase> <!-- verifyRecords -->
</testsuite> <!-- Fujji_UserCRUD -->
