<?xml version="1.0" encoding="UTF-8"?>
<!-- Generated by org.testng.reporters.JUnitXMLReporter -->
<testsuite hostname="CCILT347" name="Test" tests="1" failures="1" timestamp="31 Mar 2016 05:11:03 GMT" time="10.833" errors="0">
  <testcase name="verifyRecords" time="10.802" classname="adobe.adobeTesting.AdhocTest">
    <failure type="java.lang.AssertionError" message="please find the values that are not encrypted file location: E:\snow2\adobeTesting/AdobeResource/temp/tmp2.txt expected [true] but found [false]">
      <![CDATA[java.lang.AssertionError: please find the values that are not encrypted file location: E:\snow2\adobeTesting/AdobeResource/temp/tmp2.txt expected [true] but found [false]
	at adobe.adobeTesting.AdhocUtil.pasteFromClpbrd(AdhocUtil.java:177)
	at adobe.adobeTesting.AdhocTest.verifyRecords(AdhocTest.java:35)
... Removed 32 stack frames]]>
    </failure>
  </testcase> <!-- verifyRecords -->
</testsuite> <!-- Test -->
