<?xml version="1.0" encoding="UTF-8"?>
<testng-results skipped="0" failed="0" total="1" passed="1">
  <reporter-output>
  </reporter-output>
  <suite name="Suite" duration-ms="15947" started-at="2016-03-23T11:36:22Z" finished-at="2016-03-23T11:36:38Z">
    <groups>
    </groups>
    <test name="Test" duration-ms="15947" started-at="2016-03-23T11:36:22Z" finished-at="2016-03-23T11:36:38Z">
      <class name="adobe.adobeTesting.AdhocTest">
        <test-method status="PASS" signature="verifyRecords()[pri:0, instance:adobe.adobeTesting.AdhocTest@2a40cd94]" name="verifyRecords" duration-ms="15932" started-at="2016-03-23T17:06:22Z" finished-at="2016-03-23T17:06:38Z">
          <reporter-output>
          </reporter-output>
        </test-method> <!-- verifyRecords -->
      </class> <!-- adobe.adobeTesting.AdhocTest -->
    </test> <!-- Test -->
  </suite> <!-- Suite -->
</testng-results>
