<?xml version="1.0" encoding="UTF-8"?>
<testng-results skipped="0" failed="0" total="1" passed="1">
  <reporter-output>
  </reporter-output>
  <suite name="Suite" duration-ms="14586" started-at="2016-03-22T10:26:43Z" finished-at="2016-03-22T10:26:58Z">
    <groups>
    </groups>
    <test name="Test" duration-ms="14586" started-at="2016-03-22T10:26:43Z" finished-at="2016-03-22T10:26:58Z">
      <class name="adobe.adobeTesting.AdhocTest">
        <test-method status="PASS" signature="verifyRecords()[pri:0, instance:adobe.adobeTesting.AdhocTest@2bea5ab4]" name="verifyRecords" duration-ms="14562" started-at="2016-03-22T15:56:43Z" finished-at="2016-03-22T15:56:58Z">
          <reporter-output>
          </reporter-output>
        </test-method> <!-- verifyRecords -->
      </class> <!-- adobe.adobeTesting.AdhocTest -->
    </test> <!-- Test -->
  </suite> <!-- Suite -->
</testng-results>
