<?xml version="1.0" encoding="UTF-8"?>
<testng-results skipped="0" failed="0" total="1" passed="1">
  <reporter-output>
  </reporter-output>
  <suite name="Default suite" duration-ms="16441" started-at="2016-03-31T10:56:22Z" finished-at="2016-03-31T10:56:39Z">
    <groups>
    </groups>
    <test name="Default test" duration-ms="16441" started-at="2016-03-31T10:56:22Z" finished-at="2016-03-31T10:56:39Z">
      <class name="adobe.adobeTesting.ReportBuilderTest">
        <test-method status="PASS" signature="verifyRecords()[pri:0, instance:adobe.adobeTesting.ReportBuilderTest@5a4041cc]" name="verifyRecords" duration-ms="16409" started-at="2016-03-31T16:26:22Z" finished-at="2016-03-31T16:26:39Z">
          <reporter-output>
          </reporter-output>
        </test-method> <!-- verifyRecords -->
      </class> <!-- adobe.adobeTesting.ReportBuilderTest -->
    </test> <!-- Default test -->
  </suite> <!-- Default suite -->
</testng-results>
