<?xml version="1.0" encoding="UTF-8"?>
<testng-results skipped="0" failed="0" total="1" passed="1">
  <reporter-output>
  </reporter-output>
  <suite name="Default suite" duration-ms="9788" started-at="2016-03-29T06:55:25Z" finished-at="2016-03-29T06:55:34Z">
    <groups>
    </groups>
    <test name="Default test" duration-ms="9788" started-at="2016-03-29T06:55:25Z" finished-at="2016-03-29T06:55:34Z">
      <class name="adobe.adobeTesting.AdhocTest">
        <test-method status="PASS" signature="verifyRecords()[pri:0, instance:adobe.adobeTesting.AdhocTest@587c290d]" name="verifyRecords" duration-ms="9756" started-at="2016-03-29T12:25:25Z" finished-at="2016-03-29T12:25:34Z">
          <reporter-output>
          </reporter-output>
        </test-method> <!-- verifyRecords -->
      </class> <!-- adobe.adobeTesting.AdhocTest -->
    </test> <!-- Default test -->
  </suite> <!-- Default suite -->
</testng-results>
